[{"line":1,"elements":[{"start_timestamp":"2022-08-14T17:03:08.854Z","line":29,"name":"TC02_TC03_Herhangi bir karakter içeren ve boş bırakılamayan geçerli bir \"Username\" olmalıdır","description":"","id":"us002-kayıt-olmak-için-email-and-username-bilgileri-girilebilmelidir.;tc02-tc03-herhangi-bir-karakter-içeren-ve-boş-bırakılamayan-geçerli-bir-\"username\"-olmalıdır;;2","type":"scenario","keyword":"Scenario Outline","steps":[{"result":{"duration":12844993000,"status":"passed"},"line":18,"name":"Kullanici \"medunna_url\" sayfasina gider","match":{"arguments":[{"val":"\"medunna_url\"","offset":10}],"location":"stepDefinitions.Ui.US001StepD.kullanici_sayfasina_gider(java.lang.String)"},"keyword":"Given "},{"result":{"duration":101651000,"status":"passed"},"line":19,"name":"Kullanici Anasayfada kullanici ikonuna tiklar","match":{"location":"stepDefinitions.Ui.US001StepD.kullanici_anasayfada_kullanici_ikonuna_tiklar()"},"keyword":"And "},{"result":{"duration":139987000,"status":"passed"},"line":20,"name":"Kullanici ikonu altindaki regester'i tiklar","match":{"location":"stepDefinitions.Ui.US001StepD.kullanici_ikonu_altindaki_regester_i_tiklar()"},"keyword":"And "},{"result":{"duration":3106213000,"status":"passed"},"line":21,"name":"Kullanici SSN kutucuguna tiklar","match":{"location":"stepDefinitions.Ui.US001StepD.kullanici_ssn_kutucuguna_tiklar()"},"keyword":"When "},{"result":{"duration":3141873000,"status":"passed"},"line":22,"name":"Kullanici SSN kutusuna dokuz rakamdan oluşan ve ucuncu ve besinci rakamdan sonra - içeren  bir ssn girer","match":{"location":"stepDefinitions.Ui.US001StepD.kullaniciSSNKutusunaDokuzRakamdanOluşanVeUcuncuVeBesinciRakamdanSonraIçerenBirSsnGirer()"},"keyword":"And "},{"result":{"duration":322559000,"status":"passed"},"line":23,"name":"Kullanici First Name kutucuğuna karekterlerden ve rakamlardan olusan First Name girer","match":{"location":"stepDefinitions.Ui.US001StepD.kullaniciFirstNameKutucuğunaKarekterlerdenVeRakamlardanOlusanFirstNameGirer()"},"keyword":"And "},{"result":{"duration":108748000,"status":"passed"},"line":24,"name":"Kullanici Last Name kutucuğuna karekterlerden ve rakamlardan olusan Last Name girer","match":{"location":"stepDefinitions.Ui.US001StepD.kullaniciLastNameKutucuğunaKarekterlerdenVeRakamlardanOlusanLastNameGirer()"},"keyword":"And "},{"result":{"duration":323370000,"status":"passed"},"line":25,"name":"Kullanici UserName kutucuguna tiklar","match":{"location":"stepDefinitions.Ui.US002StepD.kullaniciUserNameKutucugunaTiklar()"},"keyword":"Then "},{"result":{"error_message":"io.cucumber.core.exception.CucumberException: Step [Kullanici herhangi bir {string} veya {string} girilir ve {string} uyarı mesajı alınmadığı görülür] is defined with 2 parameters at 'stepDefinitions.Ui.US002StepD.kullaniciHerhangiBirVeyaGirilirVeYourUserNameIsRequiredUyarıMesajıAlınmadığıGörülür(java.lang.String,java.lang.String)'.\nHowever, the gherkin step has 3 arguments:\n * \"a\"\n * \"1as2sd5\"\n * 'Your UserName is required.'\nStep text: Kullanici herhangi bir \"a\" veya \"1as2sd5\" girilir ve 'Your UserName is required.' uyarı mesajı alınmadığı görülür\n\tat io.cucumber.core.runner.PickleStepDefinitionMatch.arityMismatch(PickleStepDefinitionMatch.java:83)\n\tat io.cucumber.core.runner.PickleStepDefinitionMatch.runStep(PickleStepDefinitionMatch.java:42)\n\tat io.cucumber.core.runner.ExecutionMode$1.execute(ExecutionMode.java:10)\n\tat io.cucumber.core.runner.TestStep.executeStep(TestStep.java:86)\n\tat io.cucumber.core.runner.TestStep.run(TestStep.java:57)\n\tat io.cucumber.core.runner.PickleStepTestStep.run(PickleStepTestStep.java:51)\n\tat io.cucumber.core.runner.TestCase.run(TestCase.java:95)\n\tat io.cucumber.core.runner.Runner.runPickle(Runner.java:75)\n\tat io.cucumber.junit.PickleRunners$NoStepDescriptions.lambda$run$0(PickleRunners.java:151)\n\tat io.cucumber.core.runtime.CucumberExecutionContext.lambda$runTestCase$3(CucumberExecutionContext.java:151)\n\tat io.cucumber.core.runtime.RethrowingThrowableCollector.executeAndThrow(RethrowingThrowableCollector.java:23)\n\tat io.cucumber.core.runtime.CucumberExecutionContext.runTestCase(CucumberExecutionContext.java:151)\n\tat io.cucumber.junit.PickleRunners$NoStepDescriptions.run(PickleRunners.java:148)\n\tat io.cucumber.junit.FeatureRunner.runChild(FeatureRunner.java:144)\n\tat io.cucumber.junit.FeatureRunner.runChild(FeatureRunner.java:28)\n\tat org.junit.runners.ParentRunner$4.run(ParentRunner.java:331)\n\tat org.junit.runners.ParentRunner$1.schedule(ParentRunner.java:79)\n\tat org.junit.runners.ParentRunner.runChildren(ParentRunner.java:329)\n\tat org.junit.runners.ParentRunner.access$100(ParentRunner.java:66)\n\tat org.junit.runners.ParentRunner$2.evaluate(ParentRunner.java:293)\n\tat org.junit.runners.ParentRunner$3.evaluate(ParentRunner.java:306)\n\tat org.junit.runners.ParentRunner.run(ParentRunner.java:413)\n\tat io.cucumber.junit.FeatureRunner.run(FeatureRunner.java:137)\n\tat io.cucumber.junit.Cucumber.runChild(Cucumber.java:196)\n\tat io.cucumber.junit.Cucumber.runChild(Cucumber.java:89)\n\tat org.junit.runners.ParentRunner$4.run(ParentRunner.java:331)\n\tat org.junit.runners.ParentRunner$1.schedule(ParentRunner.java:79)\n\tat org.junit.runners.ParentRunner.runChildren(ParentRunner.java:329)\n\tat org.junit.runners.ParentRunner.access$100(ParentRunner.java:66)\n\tat org.junit.runners.ParentRunner$2.evaluate(ParentRunner.java:293)\n\tat io.cucumber.junit.Cucumber$RunBeforeAllHooks.evaluate(Cucumber.java:266)\n\tat io.cucumber.junit.Cucumber$RunAfterAllHooks.evaluate(Cucumber.java:281)\n\tat io.cucumber.junit.Cucumber$StartTestRun.evaluate(Cucumber.java:233)\n\tat io.cucumber.junit.Cucumber$FinishTestRun.evaluate(Cucumber.java:248)\n\tat org.junit.runners.ParentRunner$3.evaluate(ParentRunner.java:306)\n\tat org.junit.runners.ParentRunner.run(ParentRunner.java:413)\n\tat org.junit.runner.JUnitCore.run(JUnitCore.java:137)\n\tat com.intellij.junit4.JUnit4IdeaTestRunner.startRunnerWithArgs(JUnit4IdeaTestRunner.java:69)\n\tat com.intellij.rt.junit.IdeaTestRunner$Repeater$1.execute(IdeaTestRunner.java:38)\n\tat com.intellij.rt.execution.junit.TestsRepeater.repeat(TestsRepeater.java:11)\n\tat com.intellij.rt.junit.IdeaTestRunner$Repeater.startRunnerWithArgs(IdeaTestRunner.java:35)\n\tat com.intellij.rt.junit.JUnitStarter.prepareStreamsAndStart(JUnitStarter.java:235)\n\tat com.intellij.rt.junit.JUnitStarter.main(JUnitStarter.java:54)\n","duration":1112000,"status":"failed"},"line":26,"name":"Kullanici herhangi bir \"a\" veya \"1as2sd5\" girilir ve 'Your UserName is required.' uyarı mesajı alınmadığı görülür","match":{"arguments":[{"val":"\"a\"","offset":23},{"val":"\"1as2sd5\"","offset":32},{"val":"'Your UserName is required.'","offset":53}],"location":"stepDefinitions.Ui.US002StepD.kullaniciHerhangiBirVeyaGirilirVeYourUserNameIsRequiredUyarıMesajıAlınmadığıGörülür(java.lang.String,java.lang.String)"},"keyword":"And "}],"tags":[{"name":"@US02"},{"name":"@TC2028"},{"name":"@Negative"}]},{"start_timestamp":"2022-08-14T17:03:29.165Z","line":30,"name":"TC02_TC03_Herhangi bir karakter içeren ve boş bırakılamayan geçerli bir \"Username\" olmalıdır","description":"","id":"us002-kayıt-olmak-için-email-and-username-bilgileri-girilebilmelidir.;tc02-tc03-herhangi-bir-karakter-içeren-ve-boş-bırakılamayan-geçerli-bir-\"username\"-olmalıdır;;3","type":"scenario","keyword":"Scenario Outline","steps":[{"result":{"duration":3523234000,"status":"passed"},"line":18,"name":"Kullanici \"medunna_url\" sayfasina gider","match":{"arguments":[{"val":"\"medunna_url\"","offset":10}],"location":"stepDefinitions.Ui.US001StepD.kullanici_sayfasina_gider(java.lang.String)"},"keyword":"Given "},{"result":{"duration":119937000,"status":"passed"},"line":19,"name":"Kullanici Anasayfada kullanici ikonuna tiklar","match":{"location":"stepDefinitions.Ui.US001StepD.kullanici_anasayfada_kullanici_ikonuna_tiklar()"},"keyword":"And "},{"result":{"duration":164593000,"status":"passed"},"line":20,"name":"Kullanici ikonu altindaki regester'i tiklar","match":{"location":"stepDefinitions.Ui.US001StepD.kullanici_ikonu_altindaki_regester_i_tiklar()"},"keyword":"And "},{"result":{"duration":3268729000,"status":"passed"},"line":21,"name":"Kullanici SSN kutucuguna tiklar","match":{"location":"stepDefinitions.Ui.US001StepD.kullanici_ssn_kutucuguna_tiklar()"},"keyword":"When "},{"result":{"duration":3080077000,"status":"passed"},"line":22,"name":"Kullanici SSN kutusuna dokuz rakamdan oluşan ve ucuncu ve besinci rakamdan sonra - içeren  bir ssn girer","match":{"location":"stepDefinitions.Ui.US001StepD.kullaniciSSNKutusunaDokuzRakamdanOluşanVeUcuncuVeBesinciRakamdanSonraIçerenBirSsnGirer()"},"keyword":"And "},{"result":{"duration":133389000,"status":"passed"},"line":23,"name":"Kullanici First Name kutucuğuna karekterlerden ve rakamlardan olusan First Name girer","match":{"location":"stepDefinitions.Ui.US001StepD.kullaniciFirstNameKutucuğunaKarekterlerdenVeRakamlardanOlusanFirstNameGirer()"},"keyword":"And "},{"result":{"duration":96791000,"status":"passed"},"line":24,"name":"Kullanici Last Name kutucuğuna karekterlerden ve rakamlardan olusan Last Name girer","match":{"location":"stepDefinitions.Ui.US001StepD.kullaniciLastNameKutucuğunaKarekterlerdenVeRakamlardanOlusanLastNameGirer()"},"keyword":"And "},{"result":{"duration":302295000,"status":"passed"},"line":25,"name":"Kullanici UserName kutucuguna tiklar","match":{"location":"stepDefinitions.Ui.US002StepD.kullaniciUserNameKutucugunaTiklar()"},"keyword":"Then "},{"result":{"error_message":"io.cucumber.core.exception.CucumberException: Step [Kullanici herhangi bir {string} veya {string} girilir ve {string} uyarı mesajı alınmadığı görülür] is defined with 2 parameters at 'stepDefinitions.Ui.US002StepD.kullaniciHerhangiBirVeyaGirilirVeYourUserNameIsRequiredUyarıMesajıAlınmadığıGörülür(java.lang.String,java.lang.String)'.\nHowever, the gherkin step has 3 arguments:\n * \"5\"\n * \"65ttt65\"\n * 'Your UserName is required.'\nStep text: Kullanici herhangi bir \"5\" veya \"65ttt65\" girilir ve 'Your UserName is required.' uyarı mesajı alınmadığı görülür\n\tat io.cucumber.core.runner.PickleStepDefinitionMatch.arityMismatch(PickleStepDefinitionMatch.java:83)\n\tat io.cucumber.core.runner.PickleStepDefinitionMatch.runStep(PickleStepDefinitionMatch.java:42)\n\tat io.cucumber.core.runner.ExecutionMode$1.execute(ExecutionMode.java:10)\n\tat io.cucumber.core.runner.TestStep.executeStep(TestStep.java:86)\n\tat io.cucumber.core.runner.TestStep.run(TestStep.java:57)\n\tat io.cucumber.core.runner.PickleStepTestStep.run(PickleStepTestStep.java:51)\n\tat io.cucumber.core.runner.TestCase.run(TestCase.java:95)\n\tat io.cucumber.core.runner.Runner.runPickle(Runner.java:75)\n\tat io.cucumber.junit.PickleRunners$NoStepDescriptions.lambda$run$0(PickleRunners.java:151)\n\tat io.cucumber.core.runtime.CucumberExecutionContext.lambda$runTestCase$3(CucumberExecutionContext.java:151)\n\tat io.cucumber.core.runtime.RethrowingThrowableCollector.executeAndThrow(RethrowingThrowableCollector.java:23)\n\tat io.cucumber.core.runtime.CucumberExecutionContext.runTestCase(CucumberExecutionContext.java:151)\n\tat io.cucumber.junit.PickleRunners$NoStepDescriptions.run(PickleRunners.java:148)\n\tat io.cucumber.junit.FeatureRunner.runChild(FeatureRunner.java:144)\n\tat io.cucumber.junit.FeatureRunner.runChild(FeatureRunner.java:28)\n\tat org.junit.runners.ParentRunner$4.run(ParentRunner.java:331)\n\tat org.junit.runners.ParentRunner$1.schedule(ParentRunner.java:79)\n\tat org.junit.runners.ParentRunner.runChildren(ParentRunner.java:329)\n\tat org.junit.runners.ParentRunner.access$100(ParentRunner.java:66)\n\tat org.junit.runners.ParentRunner$2.evaluate(ParentRunner.java:293)\n\tat org.junit.runners.ParentRunner$3.evaluate(ParentRunner.java:306)\n\tat org.junit.runners.ParentRunner.run(ParentRunner.java:413)\n\tat io.cucumber.junit.FeatureRunner.run(FeatureRunner.java:137)\n\tat io.cucumber.junit.Cucumber.runChild(Cucumber.java:196)\n\tat io.cucumber.junit.Cucumber.runChild(Cucumber.java:89)\n\tat org.junit.runners.ParentRunner$4.run(ParentRunner.java:331)\n\tat org.junit.runners.ParentRunner$1.schedule(ParentRunner.java:79)\n\tat org.junit.runners.ParentRunner.runChildren(ParentRunner.java:329)\n\tat org.junit.runners.ParentRunner.access$100(ParentRunner.java:66)\n\tat org.junit.runners.ParentRunner$2.evaluate(ParentRunner.java:293)\n\tat io.cucumber.junit.Cucumber$RunBeforeAllHooks.evaluate(Cucumber.java:266)\n\tat io.cucumber.junit.Cucumber$RunAfterAllHooks.evaluate(Cucumber.java:281)\n\tat io.cucumber.junit.Cucumber$StartTestRun.evaluate(Cucumber.java:233)\n\tat io.cucumber.junit.Cucumber$FinishTestRun.evaluate(Cucumber.java:248)\n\tat org.junit.runners.ParentRunner$3.evaluate(ParentRunner.java:306)\n\tat org.junit.runners.ParentRunner.run(ParentRunner.java:413)\n\tat org.junit.runner.JUnitCore.run(JUnitCore.java:137)\n\tat com.intellij.junit4.JUnit4IdeaTestRunner.startRunnerWithArgs(JUnit4IdeaTestRunner.java:69)\n\tat com.intellij.rt.junit.IdeaTestRunner$Repeater$1.execute(IdeaTestRunner.java:38)\n\tat com.intellij.rt.execution.junit.TestsRepeater.repeat(TestsRepeater.java:11)\n\tat com.intellij.rt.junit.IdeaTestRunner$Repeater.startRunnerWithArgs(IdeaTestRunner.java:35)\n\tat com.intellij.rt.junit.JUnitStarter.prepareStreamsAndStart(JUnitStarter.java:235)\n\tat com.intellij.rt.junit.JUnitStarter.main(JUnitStarter.java:54)\n","duration":355000,"status":"failed"},"line":26,"name":"Kullanici herhangi bir \"5\" veya \"65ttt65\" girilir ve 'Your UserName is required.' uyarı mesajı alınmadığı görülür","match":{"arguments":[{"val":"\"5\"","offset":23},{"val":"\"65ttt65\"","offset":32},{"val":"'Your UserName is required.'","offset":53}],"location":"stepDefinitions.Ui.US002StepD.kullaniciHerhangiBirVeyaGirilirVeYourUserNameIsRequiredUyarıMesajıAlınmadığıGörülür(java.lang.String,java.lang.String)"},"keyword":"And "}],"tags":[{"name":"@US02"},{"name":"@TC2028"},{"name":"@Negative"}]}],"name":"US002_Kayıt olmak için email and username bilgileri girilebilmelidir.","description":"","id":"us002-kayıt-olmak-için-email-and-username-bilgileri-girilebilmelidir.","keyword":"Feature","uri":"file:src/test/resources/features/UiFeatures/US002.feature","tags":[]}]